{
  "RSpec": {
    "coverage": {
      "/Users/vadlusk/turing/3module/projects/give_a_little/spec/support/factory_bot.rb": [
        1,
        1,
        null
      ],
      "/Users/vadlusk/turing/3module/projects/give_a_little/spec/support/shoulda-matchers.rb": [
        1,
        1,
        1,
        1,
        null,
        null
      ],
      "/Users/vadlusk/turing/3module/projects/give_a_little/spec/features/user/user_logs_out_spec.rb": [
        1,
        null,
        1,
        1,
        1,
        1,
        null,
        1,
        1,
        1,
        1,
        null,
        1,
        1,
        null,
        null,
        null
      ],
      "/Users/vadlusk/turing/3module/projects/give_a_little/spec/features/visitor/charities/visitor_selects_charity_spec.rb": [
        1,
        null,
        1,
        1,
        1,
        1,
        1,
        1,
        null,
        1,
        null,
        1,
        1,
        null,
        1,
        null,
        null,
        null
      ],
      "/Users/vadlusk/turing/3module/projects/give_a_little/spec/features/visitor/disaster/visitor_clicks_on_donate_spec.rb": [
        1,
        null,
        1,
        1,
        1,
        1,
        1,
        null,
        1,
        1,
        1,
        1,
        1,
        1,
        null,
        null,
        null,
        null
      ],
      "/Users/vadlusk/turing/3module/projects/give_a_little/spec/features/visitor/disaster/visitor_sees_a_disaster_spec.rb": [
        1,
        null,
        1,
        1,
        1,
        1,
        null,
        1,
        1,
        null,
        null,
        1,
        1,
        1,
        1,
        1,
        1,
        null,
        null,
        null
      ],
      "/Users/vadlusk/turing/3module/projects/give_a_little/spec/features/visitor/disasters/visitor_sees_all_disasters_spec.rb": [
        1,
        null,
        1,
        1,
        1,
        1,
        null,
        1,
        null,
        null,
        null
      ],
      "/Users/vadlusk/turing/3module/projects/give_a_little/spec/features/visitor/visitor_creates_account_spec.rb": [
        1,
        null,
        1,
        1,
        1,
        1,
        1,
        null,
        1,
        null,
        1,
        1,
        1,
        1,
        1,
        1,
        null,
        1,
        1,
        1,
        1,
        1,
        1,
        1,
        null,
        null,
        null,
        null
      ],
      "/Users/vadlusk/turing/3module/projects/give_a_little/spec/models/charity_spec.rb": [
        1,
        1,
        null,
        1,
        1,
        null,
        null,
        null,
        null,
        null,
        null,
        null,
        null,
        null,
        null,
        null,
        null,
        null,
        null,
        null,
        null,
        null,
        null,
        null,
        null,
        null,
        null,
        null,
        null,
        null,
        null,
        null,
        null,
        null,
        null,
        null,
        null,
        null,
        null,
        null,
        null,
        null,
        null,
        null,
        null,
        null,
        null,
        null,
        null,
        null,
        null,
        null,
        null,
        null,
        null,
        null,
        null,
        null,
        null,
        null,
        null,
        null,
        null,
        null,
        null,
        null,
        null,
        null,
        null,
        null,
        null,
        null,
        null,
        null,
        null,
        null,
        null,
        null,
        null,
        null,
        1,
        null,
        2,
        null,
        1,
        1,
        1,
        1,
        1,
        1,
        1,
        1,
        1,
        null,
        null
      ],
      "/Users/vadlusk/turing/3module/projects/give_a_little/app/models/charity.rb": [
        1,
        1,
        null,
        null,
        1,
        91,
        91,
        91,
        91,
        91,
        91,
        91,
        91,
        null,
        null
      ],
      "/Users/vadlusk/turing/3module/projects/give_a_little/spec/models/disaster_spec.rb": [
        1,
        1,
        null,
        1,
        1,
        null,
        null,
        null,
        null,
        null,
        null,
        null,
        null,
        null,
        null,
        null,
        null,
        null,
        null,
        null,
        null,
        null,
        null,
        null,
        null,
        null,
        null,
        null,
        0,
        null,
        null,
        1,
        null,
        1,
        1,
        0,
        0,
        0,
        0,
        0,
        0,
        0,
        null,
        null
      ],
      "/Users/vadlusk/turing/3module/projects/give_a_little/app/models/disaster.rb": [
        1,
        1,
        null,
        null,
        1,
        64,
        64,
        64,
        64,
        64,
        64,
        64,
        null,
        null,
        1,
        43,
        null,
        null
      ],
      "/Users/vadlusk/turing/3module/projects/give_a_little/spec/models/user_spec.rb": [
        1,
        null,
        1,
        null
      ],
      "/Users/vadlusk/turing/3module/projects/give_a_little/app/models/user.rb": [
        1,
        1,
        null
      ],
      "/Users/vadlusk/turing/3module/projects/give_a_little/app/models/application_record.rb": [
        1,
        1,
        null
      ],
      "/Users/vadlusk/turing/3module/projects/give_a_little/spec/services/charities_service_spec.rb": [
        1,
        null,
        1,
        3,
        1,
        1,
        1,
        null,
        null,
        1,
        1,
        1,
        1,
        1,
        1,
        null,
        null,
        null,
        null,
        null
      ],
      "/Users/vadlusk/turing/3module/projects/give_a_little/app/services/charities_service.rb": [
        1,
        1,
        6,
        null,
        null,
        1,
        6,
        90,
        null,
        null,
        null,
        1,
        null,
        1,
        5,
        null,
        null,
        1,
        6,
        null,
        null,
        1,
        6,
        null,
        null
      ],
      "/Users/vadlusk/turing/3module/projects/give_a_little/spec/services/disaster_service_spec.rb": [
        1,
        null,
        1,
        3,
        3,
        1,
        1,
        1,
        null,
        null,
        1,
        1,
        1,
        1,
        1,
        null,
        null,
        null,
        null,
        null
      ],
      "/Users/vadlusk/turing/3module/projects/give_a_little/app/services/disaster_service.rb": [
        1,
        null,
        1,
        5,
        null,
        null,
        1,
        4,
        null,
        null,
        1,
        1,
        4,
        null,
        null,
        1,
        4,
        null,
        null,
        1,
        4,
        null,
        null
      ],
      "/Users/vadlusk/turing/3module/projects/give_a_little/spec/services/disasters_service_spec.rb": [
        1,
        null,
        1,
        3,
        1,
        1,
        1,
        null,
        null,
        1,
        1,
        1,
        1,
        1,
        1,
        null,
        null,
        null,
        null,
        null
      ],
      "/Users/vadlusk/turing/3module/projects/give_a_little/app/services/disasters_service.rb": [
        1,
        null,
        1,
        6,
        60,
        null,
        null,
        null,
        1,
        1,
        5,
        null,
        null,
        1,
        6,
        null,
        null,
        1,
        6,
        null,
        null
      ],
      "/Users/vadlusk/turing/3module/projects/give_a_little/app/controllers/users_controller.rb": [
        1,
        1,
        null,
        1,
        1,
        null,
        null,
        1,
        1,
        1,
        1,
        1,
        1,
        null,
        null,
        null,
        1,
        null,
        1,
        1,
        null,
        null
      ],
      "/Users/vadlusk/turing/3module/projects/give_a_little/app/controllers/application_controller.rb": [
        1,
        1,
        null,
        1,
        29,
        null,
        null
      ],
      "/Users/vadlusk/turing/3module/projects/give_a_little/app/controllers/sessions_controller.rb": [
        1,
        1,
        null,
        1,
        4,
        4,
        1,
        1,
        3,
        1,
        1,
        2,
        2,
        2,
        null,
        null,
        null,
        1,
        1,
        1,
        null,
        null
      ],
      "/Users/vadlusk/turing/3module/projects/give_a_little/app/controllers/disasters_controller.rb": [
        1,
        1,
        4,
        null,
        null,
        1,
        3,
        null,
        null
      ],
      "/Users/vadlusk/turing/3module/projects/give_a_little/app/controllers/charities_controller.rb": [
        1,
        1,
        4,
        null,
        null
      ],
      "/Users/vadlusk/turing/3module/projects/give_a_little/app/controllers/donations_controller.rb": [
        1,
        1,
        2,
        1,
        1,
        1,
        null,
        2,
        null,
        null
      ]
    },
    "timestamp": 1527809834
  }
}
