{
  "RSpec": {
    "coverage": {
      "/Users/vadlusk/turing/3module/projects/give_a_little/spec/support/factory_bot.rb": [
        1,
        1,
        null
      ],
      "/Users/vadlusk/turing/3module/projects/give_a_little/spec/support/shoulda-matchers.rb": [
        1,
        1,
        1,
        1,
        null,
        null
      ],
      "/Users/vadlusk/turing/3module/projects/give_a_little/spec/features/visitor/visitor_sees_all_disasters_spec.rb": [
        1,
        null,
        1,
        1,
        1,
        null,
        1,
        null,
        null
      ],
      "/Users/vadlusk/turing/3module/projects/give_a_little/spec/models/disaster_spec.rb": [
        1,
        null,
        1,
        1,
        null,
        null,
        null,
        null,
        null,
        null,
        null,
        null,
        null,
        null,
        null,
        null,
        null,
        null,
        null,
        null,
        null,
        null,
        null,
        null,
        null,
        null,
        null,
        null,
        null,
        null,
        null,
        null,
        null,
        null,
        null,
        null,
        null,
        null,
        1,
        null,
        null,
        2,
        null,
        1,
        1,
        1,
        1,
        1,
        1,
        1,
        1,
        null,
        null
      ],
      "/Users/vadlusk/turing/3module/projects/give_a_little/app/models/disaster.rb": [
        1,
        1,
        null,
        null,
        1,
        41,
        41,
        41,
        41,
        41,
        41,
        41,
        null,
        null
      ],
      "/Users/vadlusk/turing/3module/projects/give_a_little/spec/services/disasters_service_spec.rb": [
        1,
        null,
        1,
        3,
        1,
        1,
        1,
        null,
        null,
        1,
        1,
        1,
        1,
        1,
        null,
        null,
        null,
        null
      ],
      "/Users/vadlusk/turing/3module/projects/give_a_little/app/services/disasters_service.rb": [
        1,
        null,
        1,
        4,
        40,
        null,
        null,
        null,
        1,
        1,
        3,
        null,
        null,
        1,
        4,
        null,
        null,
        1,
        4,
        null,
        null
      ],
      "/Users/vadlusk/turing/3module/projects/give_a_little/app/controllers/disasters_controller.rb": [
        1,
        1,
        2,
        null,
        null,
        1,
        1,
        null,
        null
      ],
      "/Users/vadlusk/turing/3module/projects/give_a_little/app/controllers/application_controller.rb": [
        1,
        null
      ]
    },
    "timestamp": 1527357775
  }
}
